# JRE version: Java(TM) SE Runtime Environment (10.0.2+13) (build 10.0.2+13)
# Java VM: Java HotSpot(TM) 64-Bit Server VM (10.0.2+13, mixed mode, tiered, compressed oops, g1 gc, windows-amd64)
Heap:
 garbage-first heap   total 262144K, used 139649K [0x00000006c0c00000, 0x00000007c0000000)
  region size 1024K, 138 young (141312K), 5 survivors (5120K)
 Metaspace       used 10086K, capacity 10221K, committed 10368K, reserved 1058816K
  class space    used 789K, capacity 846K, committed 896K, reserved 1048576K
GC Heap History (6 events):
Event: 0.320 GC heap before
{Heap before GC invocations=0 (full 0):
 garbage-first heap   total 262144K, used 24576K [0x00000006c0c00000, 0x00000007c0000000)
  region size 1024K, 24 young (24576K), 0 survivors (0K)
 Metaspace       used 9483K, capacity 9599K, committed 9856K, reserved 1058816K
  class space    used 775K, capacity 814K, committed 896K, reserved 1048576K
}
Event: 0.323 GC heap after
{Heap after GC invocations=1 (full 0):
 garbage-first heap   total 262144K, used 2019K [0x00000006c0c00000, 0x00000007c0000000)
  region size 1024K, 2 young (2048K), 2 survivors (2048K)
 Metaspace       used 9483K, capacity 9599K, committed 9856K, reserved 1058816K
  class space    used 775K, capacity 814K, committed 896K, reserved 1048576K
}
Event: 0.966 GC heap before
{Heap before GC invocations=1 (full 0):
 garbage-first heap   total 262144K, used 156643K [0x00000006c0c00000, 0x00000007c0000000)
  region size 1024K, 153 young (156672K), 2 survivors (2048K)
 Metaspace       used 9736K, capacity 9869K, committed 10112K, reserved 1058816K
  class space    used 779K, capacity 814K, committed 896K, reserved 1048576K
}
Event: 0.969 GC heap after
{Heap after GC invocations=2 (full 0):
 garbage-first heap   total 262144K, used 4096K [0x00000006c0c00000, 0x00000007c0000000)
  region size 1024K, 4 young (4096K), 4 survivors (4096K)
 Metaspace       used 9736K, capacity 9869K, committed 10112K, reserved 1058816K
  class space    used 779K, capacity 814K, committed 896K, reserved 1048576K
}
Event: 1.520 GC heap before
{Heap before GC invocations=2 (full 0):
 garbage-first heap   total 262144K, used 156672K [0x00000006c0c00000, 0x00000007c0000000)
  region size 1024K, 153 young (156672K), 4 survivors (4096K)
 Metaspace       used 9736K, capacity 9869K, committed 10112K, reserved 1058816K
  class space    used 779K, capacity 814K, committed 896K, reserved 1048576K
}
Event: 1.522 GC heap after
{Heap after GC invocations=3 (full 0):
 garbage-first heap   total 262144K, used 4481K [0x00000006c0c00000, 0x00000007c0000000)
  region size 1024K, 5 young (5120K), 5 survivors (5120K)
 Metaspace       used 9736K, capacity 9869K, committed 10112K, reserved 1058816K
  class space    used 779K, capacity 814K, committed 896K, reserved 1048576K
}

